
(emacs24-my:2754): Gtk-WARNING **: Attempting to add a widget with type GtkBox to a GtkMenuItem, but as a GtkBin subclass a GtkMenuItem can only contain one widget at a time; it already contains a widget of type GtkAccelLabel

(emacs24-my:2767): Gtk-WARNING **: Attempting to add a widget with type GtkBox to a GtkMenuItem, but as a GtkBin subclass a GtkMenuItem can only contain one widget at a time; it already contains a widget of type GtkAccelLabel

(meshlab:3500): Gtk-WARNING **: Unable to locate theme engine in module_path: "hcengine",
Current Plugins Dir is: /usr/lib/meshlab/plugins 
    Reading Param with name MeshLab::Appearance::backgroundBotColor : RichColor
    Reading Param with name MeshLab::Appearance::backgroundTopColor : RichColor
    Reading Param with name MeshLab::Appearance::baseLightAmbientColor : RichColor
    Reading Param with name MeshLab::Appearance::baseLightDiffuseColor : RichColor
    Reading Param with name MeshLab::Appearance::baseLightSpecularColor : RichColor
    Reading Param with name MeshLab::Appearance::fancyBLightDiffuseColor : RichColor
    Reading Param with name MeshLab::Appearance::fancyFLightDiffuseColor : RichColor
    Reading Param with name MeshLab::Appearance::logAreaColor : RichColor
    Reading Param with name MeshLab::Appearance::pointDistanceAttenuation : RichBool
    Reading Param with name MeshLab::Appearance::pointSize : RichFloat
    Reading Param with name MeshLab::Appearance::pointSmooth : RichBool
    Reading Param with name MeshLab::Appearance::textureMagFilter : RichEnum
    Reading Param with name MeshLab::Appearance::textureMinFilter : RichEnum
    Reading Param with name MeshLab::Decoration::AreaHistParam : RichBool
    Reading Param with name MeshLab::Decoration::BoxRatio : RichFloat
    Reading Param with name MeshLab::Decoration::CameraFixedScaleParam : RichFloat
    Reading Param with name MeshLab::Decoration::CameraRenderScaleType : RichEnum
    Reading Param with name MeshLab::Decoration::CameraShowCameraDetails : RichBool
    Reading Param with name MeshLab::Decoration::FixedHistMaxParam : RichFloat
    Reading Param with name MeshLab::Decoration::FixedHistMinParam : RichFloat
    Reading Param with name MeshLab::Decoration::FixedHistWidthParam : RichFloat
    Reading Param with name MeshLab::Decoration::GridBack : RichBool
    Reading Param with name MeshLab::Decoration::GridColorBack : RichColor
    Reading Param with name MeshLab::Decoration::GridColorFront : RichColor
    Reading Param with name MeshLab::Decoration::GridMajor : RichFloat
    Reading Param with name MeshLab::Decoration::GridMinor : RichFloat
    Reading Param with name MeshLab::Decoration::GridSnap : RichBool
    Reading Param with name MeshLab::Decoration::HistBinNumParam : RichInt
    Reading Param with name MeshLab::Decoration::NormalLength : RichFloat
    Reading Param with name MeshLab::Decoration::ProjRasterAlpha : RichDynamicFloat
    Reading Param with name MeshLab::Decoration::ProjRasterLighting : RichBool
    Reading Param with name MeshLab::Decoration::ProjRasterOnAllMeshes : RichBool
    Reading Param with name MeshLab::Decoration::ProjRasterUseVBO : RichBool
    Reading Param with name MeshLab::Decoration::SSAORadius : RichFloat
    Reading Param with name MeshLab::Decoration::ShadowIntensityVal : RichDynamicFloat
    Reading Param with name MeshLab::Decoration::ShadowMethod : RichEnum
    Reading Param with name MeshLab::Decoration::ShowBorderFlag : RichBool
    Reading Param with name MeshLab::Decoration::ShowMeshCameras : RichBool
    Reading Param with name MeshLab::Decoration::ShowNonRegular : RichBool
    Reading Param with name MeshLab::Decoration::ShowRasterCameras : RichBool
    Reading Param with name MeshLab::Decoration::ShowSeparatrix : RichBool
    Reading Param with name MeshLab::Decoration::ShowShadow : RichBool
    Reading Param with name MeshLab::Decoration::TextureFaceColor : RichBool
    Reading Param with name MeshLab::Decoration::TextureStyle : RichBool
    Reading Param with name MeshLab::Decoration::UseFixedHistParam : RichBool
    Reading Param with name MeshLab::Decoration::VertDotSize : RichDynamicFloat
[31mvoid DBusMenuExporterPrivate::addAction(QAction*, int)[0m: Already tracking action "Automatic pair Alignement" under id 55 
[31mvoid DBusMenuExporterPrivate::addAction(QAction*, int)[0m: Already tracking action "Colorize by border distance" under id 63 
[31mvoid DBusMenuExporterPrivate::addAction(QAction*, int)[0m: Already tracking action "Colorize by distance from a given point" under id 64 
[31mvoid DBusMenuExporterPrivate::addAction(QAction*, int)[0m: Already tracking action "Colorize curvature (APSS)" under id 67 
[31mvoid DBusMenuExporterPrivate::addAction(QAction*, int)[0m: Already tracking action "Colorize curvature (RIMLS)" under id 68 
[31mvoid DBusMenuExporterPrivate::addAction(QAction*, int)[0m: Already tracking action "Compute normals for point sets" under id 73 
[31mvoid DBusMenuExporterPrivate::addAction(QAction*, int)[0m: Already tracking action "Cut mesh along crease edges" under id 83 
[31mvoid DBusMenuExporterPrivate::addAction(QAction*, int)[0m: Already tracking action "Disk Vertex Coloring" under id 97 
[31mvoid DBusMenuExporterPrivate::addAction(QAction*, int)[0m: Already tracking action "Freeze Current Matrix" under id 108 
[31mvoid DBusMenuExporterPrivate::addAction(QAction*, int)[0m: Already tracking action "MLS projection (APSS)" under id 127 
[31mvoid DBusMenuExporterPrivate::addAction(QAction*, int)[0m: Already tracking action "MLS projection (RIMLS)" under id 128 
[31mvoid DBusMenuExporterPrivate::addAction(QAction*, int)[0m: Already tracking action "Marching Cubes (APSS)" under id 129 
[31mvoid DBusMenuExporterPrivate::addAction(QAction*, int)[0m: Already tracking action "Marching Cubes (RIMLS)" under id 130 
[31mvoid DBusMenuExporterPrivate::addAction(QAction*, int)[0m: Already tracking action "Per Face Quality according to Triangle shape and aspect ratio" under id 147 
[31mvoid DBusMenuExporterPrivate::addAction(QAction*, int)[0m: Already tracking action "Project active rasters color to current mesh" under id 156 
[31mvoid DBusMenuExporterPrivate::addAction(QAction*, int)[0m: Already tracking action "Project active rasters color to current mesh, filling the texture" under id 157 
[31mvoid DBusMenuExporterPrivate::addAction(QAction*, int)[0m: Already tracking action "Project current raster color to current mesh" under id 158 
[31mvoid DBusMenuExporterPrivate::addAction(QAction*, int)[0m: Already tracking action "Remove Zero Area Faces" under id 183 
[31mvoid DBusMenuExporterPrivate::addAction(QAction*, int)[0m: Already tracking action "Reset Current Matrix" under id 186 
[31mvoid DBusMenuExporterPrivate::addAction(QAction*, int)[0m: Already tracking action "Select Faces by Color" under id 191 
[31mvoid DBusMenuExporterPrivate::addAction(QAction*, int)[0m: Already tracking action "Select Faces by Face Quality" under id 192 
[31mvoid DBusMenuExporterPrivate::addAction(QAction*, int)[0m: Already tracking action "Select Faces by Vertex Quality" under id 193 
[31mvoid DBusMenuExporterPrivate::addAction(QAction*, int)[0m: Already tracking action "Select Faces by view angle" under id 194 
[31mvoid DBusMenuExporterPrivate::addAction(QAction*, int)[0m: Already tracking action "Select Faces with edges longer than..." under id 196 
[31mvoid DBusMenuExporterPrivate::addAction(QAction*, int)[0m: Already tracking action "Select Self Intersecting Faces" under id 199 
[31mvoid DBusMenuExporterPrivate::addAction(QAction*, int)[0m: Already tracking action "Select Vertex Texture Seams" under id 200 
[31mvoid DBusMenuExporterPrivate::addAction(QAction*, int)[0m: Already tracking action "Select Visible Points" under id 202 
[31mvoid DBusMenuExporterPrivate::addAction(QAction*, int)[0m: Already tracking action "Select non Manifold Edges " under id 203 
[31mvoid DBusMenuExporterPrivate::addAction(QAction*, int)[0m: Already tracking action "Select non Manifold Vertices" under id 204 
[31mvoid DBusMenuExporterPrivate::addAction(QAction*, int)[0m: Already tracking action "Set Raster Camera" under id 206 
[31mvoid DBusMenuExporterPrivate::addAction(QAction*, int)[0m: Already tracking action "Simplfication: MC Edge Collapse" under id 209 
[31mvoid DBusMenuExporterPrivate::addAction(QAction*, int)[0m: Already tracking action "Smooths normals on a point sets" under id 215 
[31mvoid DBusMenuExporterPrivate::addAction(QAction*, int)[0m: Already tracking action "Subdivision Surfaces: Catmull-Clark" under id 223 
[31mvoid DBusMenuExporterPrivate::addAction(QAction*, int)[0m: Already tracking action "Surface Reconstruction: Poisson" under id 228 
[31mvoid DBusMenuExporterPrivate::addAction(QAction*, int)[0m: Already tracking action "Texture to Vertex Color (between 2 meshes)" under id 233 
[31mvoid DBusMenuExporterPrivate::addAction(QAction*, int)[0m: Already tracking action "Tri to Quad by 4-8 Subdivision" under id 248 
[31mvoid DBusMenuExporterPrivate::addAction(QAction*, int)[0m: Already tracking action "Tri to Quad by smart triangle pairing" under id 249 
[31mvoid DBusMenuExporterPrivate::addAction(QAction*, int)[0m: Already tracking action "Turn into Quad-Dominant mesh" under id 250 
[31mvoid DBusMenuExporterPrivate::addAction(QAction*, int)[0m: Already tracking action "Turn into a Pure-Triangular mesh" under id 251 
[31mvoid DBusMenuExporterPrivate::addAction(QAction*, int)[0m: Already tracking action "UnSharp Mask Color" under id 253 
[31mvoid DBusMenuExporterPrivate::addAction(QAction*, int)[0m: Already tracking action "Voronoi Vertex Coloring" under id 276 
Shader directory found '/usr/share/meshlab/shaders', and it contains 19 gdp files
Shader directory found '/usr/share/meshlab/shaders/shadersrm', and it contains 5 rfx files
LOG: 0 Opened mesh result.stl in 610 msec
[31mvoid DBusMenuExporterPrivate::addAction(QAction*, int)[0m: Already tracking action "&Horizontally" under id 406 
[31mvoid DBusMenuExporterPrivate::addAction(QAction*, int)[0m: Already tracking action "&Vertically" under id 407 
[31mvoid DBusMenuExporterPrivate::addAction(QAction*, int)[0m: Already tracking action "Top" under id 411 
[31mvoid DBusMenuExporterPrivate::addAction(QAction*, int)[0m: Already tracking action "Bottom" under id 412 
[31mvoid DBusMenuExporterPrivate::addAction(QAction*, int)[0m: Already tracking action "Left" under id 413 
[31mvoid DBusMenuExporterPrivate::addAction(QAction*, int)[0m: Already tracking action "Right" under id 414 
[31mvoid DBusMenuExporterPrivate::addAction(QAction*, int)[0m: Already tracking action "Front" under id 415 
[31mvoid DBusMenuExporterPrivate::addAction(QAction*, int)[0m: Already tracking action "Back" under id 416 
LOG: 0 All files opened in 1833 msec
[31mvoid DBusMenuExporterPrivate::addAction(QAction*, int)[0m: Already tracking action "&Horizontally" under id 406 
[31mvoid DBusMenuExporterPrivate::addAction(QAction*, int)[0m: Already tracking action "&Vertically" under id 407 
[31mvoid DBusMenuExporterPrivate::addAction(QAction*, int)[0m: Already tracking action "Top" under id 411 
[31mvoid DBusMenuExporterPrivate::addAction(QAction*, int)[0m: Already tracking action "Bottom" under id 412 
[31mvoid DBusMenuExporterPrivate::addAction(QAction*, int)[0m: Already tracking action "Left" under id 413 
[31mvoid DBusMenuExporterPrivate::addAction(QAction*, int)[0m: Already tracking action "Right" under id 414 
[31mvoid DBusMenuExporterPrivate::addAction(QAction*, int)[0m: Already tracking action "Front" under id 415 
[31mvoid DBusMenuExporterPrivate::addAction(QAction*, int)[0m: Already tracking action "Back" under id 416 
[31mvoid DBusMenuExporterPrivate::addAction(QAction*, int)[0m: Already tracking action "&Horizontally" under id 406 
[31mvoid DBusMenuExporterPrivate::addAction(QAction*, int)[0m: Already tracking action "&Vertically" under id 407 
[31mvoid DBusMenuExporterPrivate::addAction(QAction*, int)[0m: Already tracking action "Top" under id 411 
[31mvoid DBusMenuExporterPrivate::addAction(QAction*, int)[0m: Already tracking action "Bottom" under id 412 
[31mvoid DBusMenuExporterPrivate::addAction(QAction*, int)[0m: Already tracking action "Left" under id 413 
[31mvoid DBusMenuExporterPrivate::addAction(QAction*, int)[0m: Already tracking action "Right" under id 414 
[31mvoid DBusMenuExporterPrivate::addAction(QAction*, int)[0m: Already tracking action "Front" under id 415 
[31mvoid DBusMenuExporterPrivate::addAction(QAction*, int)[0m: Already tracking action "Back" under id 416 

(meshlab:3550): Gtk-WARNING **: Unable to locate theme engine in module_path: "hcengine",
Current Plugins Dir is: /usr/lib/meshlab/plugins 
    Reading Param with name MeshLab::Appearance::backgroundBotColor : RichColor
    Reading Param with name MeshLab::Appearance::backgroundTopColor : RichColor
    Reading Param with name MeshLab::Appearance::baseLightAmbientColor : RichColor
    Reading Param with name MeshLab::Appearance::baseLightDiffuseColor : RichColor
    Reading Param with name MeshLab::Appearance::baseLightSpecularColor : RichColor
    Reading Param with name MeshLab::Appearance::fancyBLightDiffuseColor : RichColor
    Reading Param with name MeshLab::Appearance::fancyFLightDiffuseColor : RichColor
    Reading Param with name MeshLab::Appearance::logAreaColor : RichColor
    Reading Param with name MeshLab::Appearance::pointDistanceAttenuation : RichBool
    Reading Param with name MeshLab::Appearance::pointSize : RichFloat
    Reading Param with name MeshLab::Appearance::pointSmooth : RichBool
    Reading Param with name MeshLab::Appearance::textureMagFilter : RichEnum
    Reading Param with name MeshLab::Appearance::textureMinFilter : RichEnum
    Reading Param with name MeshLab::Decoration::AreaHistParam : RichBool
    Reading Param with name MeshLab::Decoration::BoxRatio : RichFloat
    Reading Param with name MeshLab::Decoration::CameraFixedScaleParam : RichFloat
    Reading Param with name MeshLab::Decoration::CameraRenderScaleType : RichEnum
    Reading Param with name MeshLab::Decoration::CameraShowCameraDetails : RichBool
    Reading Param with name MeshLab::Decoration::FixedHistMaxParam : RichFloat
    Reading Param with name MeshLab::Decoration::FixedHistMinParam : RichFloat
    Reading Param with name MeshLab::Decoration::FixedHistWidthParam : RichFloat
    Reading Param with name MeshLab::Decoration::GridBack : RichBool
    Reading Param with name MeshLab::Decoration::GridColorBack : RichColor
    Reading Param with name MeshLab::Decoration::GridColorFront : RichColor
    Reading Param with name MeshLab::Decoration::GridMajor : RichFloat
    Reading Param with name MeshLab::Decoration::GridMinor : RichFloat
    Reading Param with name MeshLab::Decoration::GridSnap : RichBool
    Reading Param with name MeshLab::Decoration::HistBinNumParam : RichInt
    Reading Param with name MeshLab::Decoration::NormalLength : RichFloat
    Reading Param with name MeshLab::Decoration::ProjRasterAlpha : RichDynamicFloat
    Reading Param with name MeshLab::Decoration::ProjRasterLighting : RichBool
    Reading Param with name MeshLab::Decoration::ProjRasterOnAllMeshes : RichBool
    Reading Param with name MeshLab::Decoration::ProjRasterUseVBO : RichBool
    Reading Param with name MeshLab::Decoration::SSAORadius : RichFloat
    Reading Param with name MeshLab::Decoration::ShadowIntensityVal : RichDynamicFloat
    Reading Param with name MeshLab::Decoration::ShadowMethod : RichEnum
    Reading Param with name MeshLab::Decoration::ShowBorderFlag : RichBool
    Reading Param with name MeshLab::Decoration::ShowMeshCameras : RichBool
    Reading Param with name MeshLab::Decoration::ShowNonRegular : RichBool
    Reading Param with name MeshLab::Decoration::ShowRasterCameras : RichBool
    Reading Param with name MeshLab::Decoration::ShowSeparatrix : RichBool
    Reading Param with name MeshLab::Decoration::ShowShadow : RichBool
    Reading Param with name MeshLab::Decoration::TextureFaceColor : RichBool
    Reading Param with name MeshLab::Decoration::TextureStyle : RichBool
    Reading Param with name MeshLab::Decoration::UseFixedHistParam : RichBool
    Reading Param with name MeshLab::Decoration::VertDotSize : RichDynamicFloat
[31mvoid DBusMenuExporterPrivate::addAction(QAction*, int)[0m: Already tracking action "Automatic pair Alignement" under id 55 
[31mvoid DBusMenuExporterPrivate::addAction(QAction*, int)[0m: Already tracking action "Colorize by border distance" under id 63 
[31mvoid DBusMenuExporterPrivate::addAction(QAction*, int)[0m: Already tracking action "Colorize by distance from a given point" under id 64 
[31mvoid DBusMenuExporterPrivate::addAction(QAction*, int)[0m: Already tracking action "Colorize curvature (APSS)" under id 67 
[31mvoid DBusMenuExporterPrivate::addAction(QAction*, int)[0m: Already tracking action "Colorize curvature (RIMLS)" under id 68 
[31mvoid DBusMenuExporterPrivate::addAction(QAction*, int)[0m: Already tracking action "Compute normals for point sets" under id 73 
[31mvoid DBusMenuExporterPrivate::addAction(QAction*, int)[0m: Already tracking action "Cut mesh along crease edges" under id 83 
[31mvoid DBusMenuExporterPrivate::addAction(QAction*, int)[0m: Already tracking action "Disk Vertex Coloring" under id 97 
[31mvoid DBusMenuExporterPrivate::addAction(QAction*, int)[0m: Already tracking action "Freeze Current Matrix" under id 108 
[31mvoid DBusMenuExporterPrivate::addAction(QAction*, int)[0m: Already tracking action "MLS projection (APSS)" under id 127 
[31mvoid DBusMenuExporterPrivate::addAction(QAction*, int)[0m: Already tracking action "MLS projection (RIMLS)" under id 128 
[31mvoid DBusMenuExporterPrivate::addAction(QAction*, int)[0m: Already tracking action "Marching Cubes (APSS)" under id 129 
[31mvoid DBusMenuExporterPrivate::addAction(QAction*, int)[0m: Already tracking action "Marching Cubes (RIMLS)" under id 130 
[31mvoid DBusMenuExporterPrivate::addAction(QAction*, int)[0m: Already tracking action "Per Face Quality according to Triangle shape and aspect ratio" under id 147 
[31mvoid DBusMenuExporterPrivate::addAction(QAction*, int)[0m: Already tracking action "Project active rasters color to current mesh" under id 156 
[31mvoid DBusMenuExporterPrivate::addAction(QAction*, int)[0m: Already tracking action "Project active rasters color to current mesh, filling the texture" under id 157 
[31mvoid DBusMenuExporterPrivate::addAction(QAction*, int)[0m: Already tracking action "Project current raster color to current mesh" under id 158 
[31mvoid DBusMenuExporterPrivate::addAction(QAction*, int)[0m: Already tracking action "Remove Zero Area Faces" under id 183 
[31mvoid DBusMenuExporterPrivate::addAction(QAction*, int)[0m: Already tracking action "Reset Current Matrix" under id 186 
[31mvoid DBusMenuExporterPrivate::addAction(QAction*, int)[0m: Already tracking action "Select Faces by Color" under id 191 
[31mvoid DBusMenuExporterPrivate::addAction(QAction*, int)[0m: Already tracking action "Select Faces by Face Quality" under id 192 
[31mvoid DBusMenuExporterPrivate::addAction(QAction*, int)[0m: Already tracking action "Select Faces by Vertex Quality" under id 193 
[31mvoid DBusMenuExporterPrivate::addAction(QAction*, int)[0m: Already tracking action "Select Faces by view angle" under id 194 
[31mvoid DBusMenuExporterPrivate::addAction(QAction*, int)[0m: Already tracking action "Select Faces with edges longer than..." under id 196 
[31mvoid DBusMenuExporterPrivate::addAction(QAction*, int)[0m: Already tracking action "Select Self Intersecting Faces" under id 199 
[31mvoid DBusMenuExporterPrivate::addAction(QAction*, int)[0m: Already tracking action "Select Vertex Texture Seams" under id 200 
[31mvoid DBusMenuExporterPrivate::addAction(QAction*, int)[0m: Already tracking action "Select Visible Points" under id 202 
[31mvoid DBusMenuExporterPrivate::addAction(QAction*, int)[0m: Already tracking action "Select non Manifold Edges " under id 203 
[31mvoid DBusMenuExporterPrivate::addAction(QAction*, int)[0m: Already tracking action "Select non Manifold Vertices" under id 204 
[31mvoid DBusMenuExporterPrivate::addAction(QAction*, int)[0m: Already tracking action "Set Raster Camera" under id 206 
[31mvoid DBusMenuExporterPrivate::addAction(QAction*, int)[0m: Already tracking action "Simplfication: MC Edge Collapse" under id 209 
[31mvoid DBusMenuExporterPrivate::addAction(QAction*, int)[0m: Already tracking action "Smooths normals on a point sets" under id 215 
[31mvoid DBusMenuExporterPrivate::addAction(QAction*, int)[0m: Already tracking action "Subdivision Surfaces: Catmull-Clark" under id 223 
[31mvoid DBusMenuExporterPrivate::addAction(QAction*, int)[0m: Already tracking action "Surface Reconstruction: Poisson" under id 228 
[31mvoid DBusMenuExporterPrivate::addAction(QAction*, int)[0m: Already tracking action "Texture to Vertex Color (between 2 meshes)" under id 233 
[31mvoid DBusMenuExporterPrivate::addAction(QAction*, int)[0m: Already tracking action "Tri to Quad by 4-8 Subdivision" under id 248 
[31mvoid DBusMenuExporterPrivate::addAction(QAction*, int)[0m: Already tracking action "Tri to Quad by smart triangle pairing" under id 249 
[31mvoid DBusMenuExporterPrivate::addAction(QAction*, int)[0m: Already tracking action "Turn into Quad-Dominant mesh" under id 250 
[31mvoid DBusMenuExporterPrivate::addAction(QAction*, int)[0m: Already tracking action "Turn into a Pure-Triangular mesh" under id 251 
[31mvoid DBusMenuExporterPrivate::addAction(QAction*, int)[0m: Already tracking action "UnSharp Mask Color" under id 253 
[31mvoid DBusMenuExporterPrivate::addAction(QAction*, int)[0m: Already tracking action "Voronoi Vertex Coloring" under id 276 
Shader directory found '/usr/share/meshlab/shaders', and it contains 19 gdp files
Shader directory found '/usr/share/meshlab/shaders/shadersrm', and it contains 5 rfx files
LOG: 0 Opened mesh result.stl in 205 msec
[31mvoid DBusMenuExporterPrivate::addAction(QAction*, int)[0m: Already tracking action "&Horizontally" under id 406 
[31mvoid DBusMenuExporterPrivate::addAction(QAction*, int)[0m: Already tracking action "&Vertically" under id 407 
[31mvoid DBusMenuExporterPrivate::addAction(QAction*, int)[0m: Already tracking action "Top" under id 411 
[31mvoid DBusMenuExporterPrivate::addAction(QAction*, int)[0m: Already tracking action "Bottom" under id 412 
[31mvoid DBusMenuExporterPrivate::addAction(QAction*, int)[0m: Already tracking action "Left" under id 413 
[31mvoid DBusMenuExporterPrivate::addAction(QAction*, int)[0m: Already tracking action "Right" under id 414 
[31mvoid DBusMenuExporterPrivate::addAction(QAction*, int)[0m: Already tracking action "Front" under id 415 
[31mvoid DBusMenuExporterPrivate::addAction(QAction*, int)[0m: Already tracking action "Back" under id 416 
LOG: 0 All files opened in 1581 msec
[31mvoid DBusMenuExporterPrivate::addAction(QAction*, int)[0m: Already tracking action "&Horizontally" under id 406 
[31mvoid DBusMenuExporterPrivate::addAction(QAction*, int)[0m: Already tracking action "&Vertically" under id 407 
[31mvoid DBusMenuExporterPrivate::addAction(QAction*, int)[0m: Already tracking action "Top" under id 411 
[31mvoid DBusMenuExporterPrivate::addAction(QAction*, int)[0m: Already tracking action "Bottom" under id 412 
[31mvoid DBusMenuExporterPrivate::addAction(QAction*, int)[0m: Already tracking action "Left" under id 413 
[31mvoid DBusMenuExporterPrivate::addAction(QAction*, int)[0m: Already tracking action "Right" under id 414 
[31mvoid DBusMenuExporterPrivate::addAction(QAction*, int)[0m: Already tracking action "Front" under id 415 
[31mvoid DBusMenuExporterPrivate::addAction(QAction*, int)[0m: Already tracking action "Back" under id 416 
[31mvoid DBusMenuExporterPrivate::addAction(QAction*, int)[0m: Already tracking action "&Horizontally" under id 406 
[31mvoid DBusMenuExporterPrivate::addAction(QAction*, int)[0m: Already tracking action "&Vertically" under id 407 
[31mvoid DBusMenuExporterPrivate::addAction(QAction*, int)[0m: Already tracking action "Top" under id 411 
[31mvoid DBusMenuExporterPrivate::addAction(QAction*, int)[0m: Already tracking action "Bottom" under id 412 
[31mvoid DBusMenuExporterPrivate::addAction(QAction*, int)[0m: Already tracking action "Left" under id 413 
[31mvoid DBusMenuExporterPrivate::addAction(QAction*, int)[0m: Already tracking action "Right" under id 414 
[31mvoid DBusMenuExporterPrivate::addAction(QAction*, int)[0m: Already tracking action "Front" under id 415 
[31mvoid DBusMenuExporterPrivate::addAction(QAction*, int)[0m: Already tracking action "Back" under id 416 
[31mvoid DBusMenuExporterPrivate::addAction(QAction*, int)[0m: Already tracking action "&Horizontally" under id 406 
[31mvoid DBusMenuExporterPrivate::addAction(QAction*, int)[0m: Already tracking action "&Vertically" under id 407 
[31mvoid DBusMenuExporterPrivate::addAction(QAction*, int)[0m: Already tracking action "Top" under id 411 
[31mvoid DBusMenuExporterPrivate::addAction(QAction*, int)[0m: Already tracking action "Bottom" under id 412 
[31mvoid DBusMenuExporterPrivate::addAction(QAction*, int)[0m: Already tracking action "Left" under id 413 
[31mvoid DBusMenuExporterPrivate::addAction(QAction*, int)[0m: Already tracking action "Right" under id 414 
[31mvoid DBusMenuExporterPrivate::addAction(QAction*, int)[0m: Already tracking action "Front" under id 415 
[31mvoid DBusMenuExporterPrivate::addAction(QAction*, int)[0m: Already tracking action "Back" under id 416 
[31mvoid DBusMenuExporterPrivate::addAction(QAction*, int)[0m: Already tracking action "&Horizontally" under id 406 
[31mvoid DBusMenuExporterPrivate::addAction(QAction*, int)[0m: Already tracking action "&Vertically" under id 407 
[31mvoid DBusMenuExporterPrivate::addAction(QAction*, int)[0m: Already tracking action "Top" under id 411 
[31mvoid DBusMenuExporterPrivate::addAction(QAction*, int)[0m: Already tracking action "Bottom" under id 412 
[31mvoid DBusMenuExporterPrivate::addAction(QAction*, int)[0m: Already tracking action "Left" under id 413 
[31mvoid DBusMenuExporterPrivate::addAction(QAction*, int)[0m: Already tracking action "Right" under id 414 
[31mvoid DBusMenuExporterPrivate::addAction(QAction*, int)[0m: Already tracking action "Front" under id 415 
[31mvoid DBusMenuExporterPrivate::addAction(QAction*, int)[0m: Already tracking action "Back" under id 416 

(meshlab:3585): Gtk-WARNING **: Unable to locate theme engine in module_path: "hcengine",
Current Plugins Dir is: /usr/lib/meshlab/plugins 
    Reading Param with name MeshLab::Appearance::backgroundBotColor : RichColor
    Reading Param with name MeshLab::Appearance::backgroundTopColor : RichColor
    Reading Param with name MeshLab::Appearance::baseLightAmbientColor : RichColor
    Reading Param with name MeshLab::Appearance::baseLightDiffuseColor : RichColor
    Reading Param with name MeshLab::Appearance::baseLightSpecularColor : RichColor
    Reading Param with name MeshLab::Appearance::fancyBLightDiffuseColor : RichColor
    Reading Param with name MeshLab::Appearance::fancyFLightDiffuseColor : RichColor
    Reading Param with name MeshLab::Appearance::logAreaColor : RichColor
    Reading Param with name MeshLab::Appearance::pointDistanceAttenuation : RichBool
    Reading Param with name MeshLab::Appearance::pointSize : RichFloat
    Reading Param with name MeshLab::Appearance::pointSmooth : RichBool
    Reading Param with name MeshLab::Appearance::textureMagFilter : RichEnum
    Reading Param with name MeshLab::Appearance::textureMinFilter : RichEnum
    Reading Param with name MeshLab::Decoration::AreaHistParam : RichBool
    Reading Param with name MeshLab::Decoration::BoxRatio : RichFloat
    Reading Param with name MeshLab::Decoration::CameraFixedScaleParam : RichFloat
    Reading Param with name MeshLab::Decoration::CameraRenderScaleType : RichEnum
    Reading Param with name MeshLab::Decoration::CameraShowCameraDetails : RichBool
    Reading Param with name MeshLab::Decoration::FixedHistMaxParam : RichFloat
    Reading Param with name MeshLab::Decoration::FixedHistMinParam : RichFloat
    Reading Param with name MeshLab::Decoration::FixedHistWidthParam : RichFloat
    Reading Param with name MeshLab::Decoration::GridBack : RichBool
    Reading Param with name MeshLab::Decoration::GridColorBack : RichColor
    Reading Param with name MeshLab::Decoration::GridColorFront : RichColor
    Reading Param with name MeshLab::Decoration::GridMajor : RichFloat
    Reading Param with name MeshLab::Decoration::GridMinor : RichFloat
    Reading Param with name MeshLab::Decoration::GridSnap : RichBool
    Reading Param with name MeshLab::Decoration::HistBinNumParam : RichInt
    Reading Param with name MeshLab::Decoration::NormalLength : RichFloat
    Reading Param with name MeshLab::Decoration::ProjRasterAlpha : RichDynamicFloat
    Reading Param with name MeshLab::Decoration::ProjRasterLighting : RichBool
    Reading Param with name MeshLab::Decoration::ProjRasterOnAllMeshes : RichBool
    Reading Param with name MeshLab::Decoration::ProjRasterUseVBO : RichBool
    Reading Param with name MeshLab::Decoration::SSAORadius : RichFloat
    Reading Param with name MeshLab::Decoration::ShadowIntensityVal : RichDynamicFloat
    Reading Param with name MeshLab::Decoration::ShadowMethod : RichEnum
    Reading Param with name MeshLab::Decoration::ShowBorderFlag : RichBool
    Reading Param with name MeshLab::Decoration::ShowMeshCameras : RichBool
    Reading Param with name MeshLab::Decoration::ShowNonRegular : RichBool
    Reading Param with name MeshLab::Decoration::ShowRasterCameras : RichBool
    Reading Param with name MeshLab::Decoration::ShowSeparatrix : RichBool
    Reading Param with name MeshLab::Decoration::ShowShadow : RichBool
    Reading Param with name MeshLab::Decoration::TextureFaceColor : RichBool
    Reading Param with name MeshLab::Decoration::TextureStyle : RichBool
    Reading Param with name MeshLab::Decoration::UseFixedHistParam : RichBool
    Reading Param with name MeshLab::Decoration::VertDotSize : RichDynamicFloat
[31mvoid DBusMenuExporterPrivate::addAction(QAction*, int)[0m: Already tracking action "Automatic pair Alignement" under id 55 
[31mvoid DBusMenuExporterPrivate::addAction(QAction*, int)[0m: Already tracking action "Colorize by border distance" under id 63 
[31mvoid DBusMenuExporterPrivate::addAction(QAction*, int)[0m: Already tracking action "Colorize by distance from a given point" under id 64 
[31mvoid DBusMenuExporterPrivate::addAction(QAction*, int)[0m: Already tracking action "Colorize curvature (APSS)" under id 67 
[31mvoid DBusMenuExporterPrivate::addAction(QAction*, int)[0m: Already tracking action "Colorize curvature (RIMLS)" under id 68 
[31mvoid DBusMenuExporterPrivate::addAction(QAction*, int)[0m: Already tracking action "Compute normals for point sets" under id 73 
[31mvoid DBusMenuExporterPrivate::addAction(QAction*, int)[0m: Already tracking action "Cut mesh along crease edges" under id 83 
[31mvoid DBusMenuExporterPrivate::addAction(QAction*, int)[0m: Already tracking action "Disk Vertex Coloring" under id 97 
[31mvoid DBusMenuExporterPrivate::addAction(QAction*, int)[0m: Already tracking action "Freeze Current Matrix" under id 108 
[31mvoid DBusMenuExporterPrivate::addAction(QAction*, int)[0m: Already tracking action "MLS projection (APSS)" under id 127 
[31mvoid DBusMenuExporterPrivate::addAction(QAction*, int)[0m: Already tracking action "MLS projection (RIMLS)" under id 128 
[31mvoid DBusMenuExporterPrivate::addAction(QAction*, int)[0m: Already tracking action "Marching Cubes (APSS)" under id 129 
[31mvoid DBusMenuExporterPrivate::addAction(QAction*, int)[0m: Already tracking action "Marching Cubes (RIMLS)" under id 130 
[31mvoid DBusMenuExporterPrivate::addAction(QAction*, int)[0m: Already tracking action "Per Face Quality according to Triangle shape and aspect ratio" under id 147 
[31mvoid DBusMenuExporterPrivate::addAction(QAction*, int)[0m: Already tracking action "Project active rasters color to current mesh" under id 156 
[31mvoid DBusMenuExporterPrivate::addAction(QAction*, int)[0m: Already tracking action "Project active rasters color to current mesh, filling the texture" under id 157 
[31mvoid DBusMenuExporterPrivate::addAction(QAction*, int)[0m: Already tracking action "Project current raster color to current mesh" under id 158 
[31mvoid DBusMenuExporterPrivate::addAction(QAction*, int)[0m: Already tracking action "Remove Zero Area Faces" under id 183 
[31mvoid DBusMenuExporterPrivate::addAction(QAction*, int)[0m: Already tracking action "Reset Current Matrix" under id 186 
[31mvoid DBusMenuExporterPrivate::addAction(QAction*, int)[0m: Already tracking action "Select Faces by Color" under id 191 
[31mvoid DBusMenuExporterPrivate::addAction(QAction*, int)[0m: Already tracking action "Select Faces by Face Quality" under id 192 
[31mvoid DBusMenuExporterPrivate::addAction(QAction*, int)[0m: Already tracking action "Select Faces by Vertex Quality" under id 193 
[31mvoid DBusMenuExporterPrivate::addAction(QAction*, int)[0m: Already tracking action "Select Faces by view angle" under id 194 
[31mvoid DBusMenuExporterPrivate::addAction(QAction*, int)[0m: Already tracking action "Select Faces with edges longer than..." under id 196 
[31mvoid DBusMenuExporterPrivate::addAction(QAction*, int)[0m: Already tracking action "Select Self Intersecting Faces" under id 199 
[31mvoid DBusMenuExporterPrivate::addAction(QAction*, int)[0m: Already tracking action "Select Vertex Texture Seams" under id 200 
[31mvoid DBusMenuExporterPrivate::addAction(QAction*, int)[0m: Already tracking action "Select Visible Points" under id 202 
[31mvoid DBusMenuExporterPrivate::addAction(QAction*, int)[0m: Already tracking action "Select non Manifold Edges " under id 203 
[31mvoid DBusMenuExporterPrivate::addAction(QAction*, int)[0m: Already tracking action "Select non Manifold Vertices" under id 204 
[31mvoid DBusMenuExporterPrivate::addAction(QAction*, int)[0m: Already tracking action "Set Raster Camera" under id 206 
[31mvoid DBusMenuExporterPrivate::addAction(QAction*, int)[0m: Already tracking action "Simplfication: MC Edge Collapse" under id 209 
[31mvoid DBusMenuExporterPrivate::addAction(QAction*, int)[0m: Already tracking action "Smooths normals on a point sets" under id 215 
[31mvoid DBusMenuExporterPrivate::addAction(QAction*, int)[0m: Already tracking action "Subdivision Surfaces: Catmull-Clark" under id 223 
[31mvoid DBusMenuExporterPrivate::addAction(QAction*, int)[0m: Already tracking action "Surface Reconstruction: Poisson" under id 228 
[31mvoid DBusMenuExporterPrivate::addAction(QAction*, int)[0m: Already tracking action "Texture to Vertex Color (between 2 meshes)" under id 233 
[31mvoid DBusMenuExporterPrivate::addAction(QAction*, int)[0m: Already tracking action "Tri to Quad by 4-8 Subdivision" under id 248 
[31mvoid DBusMenuExporterPrivate::addAction(QAction*, int)[0m: Already tracking action "Tri to Quad by smart triangle pairing" under id 249 
[31mvoid DBusMenuExporterPrivate::addAction(QAction*, int)[0m: Already tracking action "Turn into Quad-Dominant mesh" under id 250 
[31mvoid DBusMenuExporterPrivate::addAction(QAction*, int)[0m: Already tracking action "Turn into a Pure-Triangular mesh" under id 251 
[31mvoid DBusMenuExporterPrivate::addAction(QAction*, int)[0m: Already tracking action "UnSharp Mask Color" under id 253 
[31mvoid DBusMenuExporterPrivate::addAction(QAction*, int)[0m: Already tracking action "Voronoi Vertex Coloring" under id 276 
Shader directory found '/usr/share/meshlab/shaders', and it contains 19 gdp files
Shader directory found '/usr/share/meshlab/shaders/shadersrm', and it contains 5 rfx files
LOG: 0 Opened mesh result.stl in 213 msec
[31mvoid DBusMenuExporterPrivate::addAction(QAction*, int)[0m: Already tracking action "&Horizontally" under id 406 
[31mvoid DBusMenuExporterPrivate::addAction(QAction*, int)[0m: Already tracking action "&Vertically" under id 407 
[31mvoid DBusMenuExporterPrivate::addAction(QAction*, int)[0m: Already tracking action "Top" under id 411 
[31mvoid DBusMenuExporterPrivate::addAction(QAction*, int)[0m: Already tracking action "Bottom" under id 412 
[31mvoid DBusMenuExporterPrivate::addAction(QAction*, int)[0m: Already tracking action "Left" under id 413 
[31mvoid DBusMenuExporterPrivate::addAction(QAction*, int)[0m: Already tracking action "Right" under id 414 
[31mvoid DBusMenuExporterPrivate::addAction(QAction*, int)[0m: Already tracking action "Front" under id 415 
[31mvoid DBusMenuExporterPrivate::addAction(QAction*, int)[0m: Already tracking action "Back" under id 416 
LOG: 0 All files opened in 1761 msec
[31mvoid DBusMenuExporterPrivate::addAction(QAction*, int)[0m: Already tracking action "&Horizontally" under id 406 
[31mvoid DBusMenuExporterPrivate::addAction(QAction*, int)[0m: Already tracking action "&Vertically" under id 407 
[31mvoid DBusMenuExporterPrivate::addAction(QAction*, int)[0m: Already tracking action "Top" under id 411 
[31mvoid DBusMenuExporterPrivate::addAction(QAction*, int)[0m: Already tracking action "Bottom" under id 412 
[31mvoid DBusMenuExporterPrivate::addAction(QAction*, int)[0m: Already tracking action "Left" under id 413 
[31mvoid DBusMenuExporterPrivate::addAction(QAction*, int)[0m: Already tracking action "Right" under id 414 
[31mvoid DBusMenuExporterPrivate::addAction(QAction*, int)[0m: Already tracking action "Front" under id 415 
[31mvoid DBusMenuExporterPrivate::addAction(QAction*, int)[0m: Already tracking action "Back" under id 416 
[31mvoid DBusMenuExporterPrivate::addAction(QAction*, int)[0m: Already tracking action "&Horizontally" under id 406 
[31mvoid DBusMenuExporterPrivate::addAction(QAction*, int)[0m: Already tracking action "&Vertically" under id 407 
[31mvoid DBusMenuExporterPrivate::addAction(QAction*, int)[0m: Already tracking action "Top" under id 411 
[31mvoid DBusMenuExporterPrivate::addAction(QAction*, int)[0m: Already tracking action "Bottom" under id 412 
[31mvoid DBusMenuExporterPrivate::addAction(QAction*, int)[0m: Already tracking action "Left" under id 413 
[31mvoid DBusMenuExporterPrivate::addAction(QAction*, int)[0m: Already tracking action "Right" under id 414 
[31mvoid DBusMenuExporterPrivate::addAction(QAction*, int)[0m: Already tracking action "Front" under id 415 
[31mvoid DBusMenuExporterPrivate::addAction(QAction*, int)[0m: Already tracking action "Back" under id 416 
[31mvoid DBusMenuExporterPrivate::addAction(QAction*, int)[0m: Already tracking action "&Horizontally" under id 406 
[31mvoid DBusMenuExporterPrivate::addAction(QAction*, int)[0m: Already tracking action "&Vertically" under id 407 
[31mvoid DBusMenuExporterPrivate::addAction(QAction*, int)[0m: Already tracking action "Top" under id 411 
[31mvoid DBusMenuExporterPrivate::addAction(QAction*, int)[0m: Already tracking action "Bottom" under id 412 
[31mvoid DBusMenuExporterPrivate::addAction(QAction*, int)[0m: Already tracking action "Left" under id 413 
[31mvoid DBusMenuExporterPrivate::addAction(QAction*, int)[0m: Already tracking action "Right" under id 414 
[31mvoid DBusMenuExporterPrivate::addAction(QAction*, int)[0m: Already tracking action "Front" under id 415 
[31mvoid DBusMenuExporterPrivate::addAction(QAction*, int)[0m: Already tracking action "Back" under id 416 
[31mvoid DBusMenuExporterPrivate::addAction(QAction*, int)[0m: Already tracking action "&Horizontally" under id 406 
[31mvoid DBusMenuExporterPrivate::addAction(QAction*, int)[0m: Already tracking action "&Vertically" under id 407 
[31mvoid DBusMenuExporterPrivate::addAction(QAction*, int)[0m: Already tracking action "Top" under id 411 
[31mvoid DBusMenuExporterPrivate::addAction(QAction*, int)[0m: Already tracking action "Bottom" under id 412 
[31mvoid DBusMenuExporterPrivate::addAction(QAction*, int)[0m: Already tracking action "Left" under id 413 
[31mvoid DBusMenuExporterPrivate::addAction(QAction*, int)[0m: Already tracking action "Right" under id 414 
[31mvoid DBusMenuExporterPrivate::addAction(QAction*, int)[0m: Already tracking action "Front" under id 415 
[31mvoid DBusMenuExporterPrivate::addAction(QAction*, int)[0m: Already tracking action "Back" under id 416 
[31mvoid DBusMenuExporterPrivate::addAction(QAction*, int)[0m: Already tracking action "&Horizontally" under id 406 
[31mvoid DBusMenuExporterPrivate::addAction(QAction*, int)[0m: Already tracking action "&Vertically" under id 407 
[31mvoid DBusMenuExporterPrivate::addAction(QAction*, int)[0m: Already tracking action "Top" under id 411 
[31mvoid DBusMenuExporterPrivate::addAction(QAction*, int)[0m: Already tracking action "Bottom" under id 412 
[31mvoid DBusMenuExporterPrivate::addAction(QAction*, int)[0m: Already tracking action "Left" under id 413 
[31mvoid DBusMenuExporterPrivate::addAction(QAction*, int)[0m: Already tracking action "Right" under id 414 
[31mvoid DBusMenuExporterPrivate::addAction(QAction*, int)[0m: Already tracking action "Front" under id 415 
[31mvoid DBusMenuExporterPrivate::addAction(QAction*, int)[0m: Already tracking action "Back" under id 416 
QLayout: Attempting to add QLayout "" to MainWindow "", which already has a layout
[31mvoid DBusMenuExporterPrivate::addAction(QAction*, int)[0m: Already tracking action "&Horizontally" under id 406 
[31mvoid DBusMenuExporterPrivate::addAction(QAction*, int)[0m: Already tracking action "&Vertically" under id 407 
[31mvoid DBusMenuExporterPrivate::addAction(QAction*, int)[0m: Already tracking action "Top" under id 411 
[31mvoid DBusMenuExporterPrivate::addAction(QAction*, int)[0m: Already tracking action "Bottom" under id 412 
[31mvoid DBusMenuExporterPrivate::addAction(QAction*, int)[0m: Already tracking action "Left" under id 413 
[31mvoid DBusMenuExporterPrivate::addAction(QAction*, int)[0m: Already tracking action "Right" under id 414 
[31mvoid DBusMenuExporterPrivate::addAction(QAction*, int)[0m: Already tracking action "Front" under id 415 
[31mvoid DBusMenuExporterPrivate::addAction(QAction*, int)[0m: Already tracking action "Back" under id 416 
[31mvoid DBusMenuExporterPrivate::addAction(QAction*, int)[0m: Already tracking action "&Horizontally" under id 406 
[31mvoid DBusMenuExporterPrivate::addAction(QAction*, int)[0m: Already tracking action "&Vertically" under id 407 
[31mvoid DBusMenuExporterPrivate::addAction(QAction*, int)[0m: Already tracking action "Top" under id 411 
[31mvoid DBusMenuExporterPrivate::addAction(QAction*, int)[0m: Already tracking action "Bottom" under id 412 
[31mvoid DBusMenuExporterPrivate::addAction(QAction*, int)[0m: Already tracking action "Left" under id 413 
[31mvoid DBusMenuExporterPrivate::addAction(QAction*, int)[0m: Already tracking action "Right" under id 414 
[31mvoid DBusMenuExporterPrivate::addAction(QAction*, int)[0m: Already tracking action "Front" under id 415 
[31mvoid DBusMenuExporterPrivate::addAction(QAction*, int)[0m: Already tracking action "Back" under id 416 
[31mvoid DBusMenuExporterPrivate::addAction(QAction*, int)[0m: Already tracking action "&Horizontally" under id 406 
[31mvoid DBusMenuExporterPrivate::addAction(QAction*, int)[0m: Already tracking action "&Vertically" under id 407 
[31mvoid DBusMenuExporterPrivate::addAction(QAction*, int)[0m: Already tracking action "Top" under id 411 
[31mvoid DBusMenuExporterPrivate::addAction(QAction*, int)[0m: Already tracking action "Bottom" under id 412 
[31mvoid DBusMenuExporterPrivate::addAction(QAction*, int)[0m: Already tracking action "Left" under id 413 
[31mvoid DBusMenuExporterPrivate::addAction(QAction*, int)[0m: Already tracking action "Right" under id 414 
[31mvoid DBusMenuExporterPrivate::addAction(QAction*, int)[0m: Already tracking action "Front" under id 415 
[31mvoid DBusMenuExporterPrivate::addAction(QAction*, int)[0m: Already tracking action "Back" under id 416 
